Determining if the pthread_create exist failed with the following output:
Change Dir: /home/xu/3weiConstruction/joinMap/build/CMakeFiles/CMakeTmp

Run Build Command:"/usr/bin/make" "cmTC_f8f64/fast"
/usr/bin/make -f CMakeFiles/cmTC_f8f64.dir/build.make CMakeFiles/cmTC_f8f64.dir/build
make[1]: Entering directory '/home/xu/3weiConstruction/joinMap/build/CMakeFiles/CMakeTmp'
/usr/bin/cmake: /home/xu/anaconda2/lib/libssl.so.1.0.0: no version information available (required by /usr/lib/x86_64-linux-gnu/libcurl.so.4)
/usr/bin/cmake: /home/xu/anaconda2/lib/libssl.so.1.0.0: no version information available (required by /usr/lib/x86_64-linux-gnu/libcurl.so.4)
/usr/bin/cmake: /home/xu/anaconda2/lib/libssl.so.1.0.0: no version information available (required by /usr/lib/x86_64-linux-gnu/libcurl.so.4)
/usr/bin/cmake: /home/xu/anaconda2/lib/libcrypto.so.1.0.0: no version information available (required by /usr/lib/x86_64-linux-gnu/libcurl.so.4)
Building C object CMakeFiles/cmTC_f8f64.dir/CheckSymbolExists.c.o
/usr/bin/cc     -o CMakeFiles/cmTC_f8f64.dir/CheckSymbolExists.c.o   -c /home/xu/3weiConstruction/joinMap/build/CMakeFiles/CMakeTmp/CheckSymbolExists.c
/usr/bin/cmake: /home/xu/anaconda2/lib/libssl.so.1.0.0: no version information available (required by /usr/lib/x86_64-linux-gnu/libcurl.so.4)
/usr/bin/cmake: /home/xu/anaconda2/lib/libssl.so.1.0.0: no version information available (required by /usr/lib/x86_64-linux-gnu/libcurl.so.4)
/usr/bin/cmake: /home/xu/anaconda2/lib/libssl.so.1.0.0: no version information available (required by /usr/lib/x86_64-linux-gnu/libcurl.so.4)
/usr/bin/cmake: /home/xu/anaconda2/lib/libcrypto.so.1.0.0: no version information available (required by /usr/lib/x86_64-linux-gnu/libcurl.so.4)
Linking C executable cmTC_f8f64
/usr/bin/cmake -E cmake_link_script CMakeFiles/cmTC_f8f64.dir/link.txt --verbose=1
/usr/bin/cmake: /home/xu/anaconda2/lib/libssl.so.1.0.0: no version information available (required by /usr/lib/x86_64-linux-gnu/libcurl.so.4)
/usr/bin/cmake: /home/xu/anaconda2/lib/libssl.so.1.0.0: no version information available (required by /usr/lib/x86_64-linux-gnu/libcurl.so.4)
/usr/bin/cmake: /home/xu/anaconda2/lib/libssl.so.1.0.0: no version information available (required by /usr/lib/x86_64-linux-gnu/libcurl.so.4)
/usr/bin/cmake: /home/xu/anaconda2/lib/libcrypto.so.1.0.0: no version information available (required by /usr/lib/x86_64-linux-gnu/libcurl.so.4)
/usr/bin/cc       CMakeFiles/cmTC_f8f64.dir/CheckSymbolExists.c.o  -o cmTC_f8f64 -rdynamic 
CMakeFiles/cmTC_f8f64.dir/CheckSymbolExists.c.o：在函数‘main’中：
CheckSymbolExists.c:(.text+0x16)：对‘pthread_create’未定义的引用
collect2: error: ld returned 1 exit status
CMakeFiles/cmTC_f8f64.dir/build.make:97: recipe for target 'cmTC_f8f64' failed
make[1]: *** [cmTC_f8f64] Error 1
make[1]: Leaving directory '/home/xu/3weiConstruction/joinMap/build/CMakeFiles/CMakeTmp'
Makefile:126: recipe for target 'cmTC_f8f64/fast' failed
make: *** [cmTC_f8f64/fast] Error 2

File /home/xu/3weiConstruction/joinMap/build/CMakeFiles/CMakeTmp/CheckSymbolExists.c:
/* */
#include <pthread.h>

int main(int argc, char** argv)
{
  (void)argv;
#ifndef pthread_create
  return ((int*)(&pthread_create))[argc];
#else
  (void)argc;
  return 0;
#endif
}

Determining if the function pthread_create exists in the pthreads failed with the following output:
Change Dir: /home/xu/3weiConstruction/joinMap/build/CMakeFiles/CMakeTmp

Run Build Command:"/usr/bin/make" "cmTC_439f8/fast"
/usr/bin/make -f CMakeFiles/cmTC_439f8.dir/build.make CMakeFiles/cmTC_439f8.dir/build
make[1]: Entering directory '/home/xu/3weiConstruction/joinMap/build/CMakeFiles/CMakeTmp'
/usr/bin/cmake: /home/xu/anaconda2/lib/libssl.so.1.0.0: no version information available (required by /usr/lib/x86_64-linux-gnu/libcurl.so.4)
/usr/bin/cmake: /home/xu/anaconda2/lib/libssl.so.1.0.0: no version information available (required by /usr/lib/x86_64-linux-gnu/libcurl.so.4)
/usr/bin/cmake: /home/xu/anaconda2/lib/libssl.so.1.0.0: no version information available (required by /usr/lib/x86_64-linux-gnu/libcurl.so.4)
/usr/bin/cmake: /home/xu/anaconda2/lib/libcrypto.so.1.0.0: no version information available (required by /usr/lib/x86_64-linux-gnu/libcurl.so.4)
Building C object CMakeFiles/cmTC_439f8.dir/CheckFunctionExists.c.o
/usr/bin/cc    -DCHECK_FUNCTION_EXISTS=pthread_create   -o CMakeFiles/cmTC_439f8.dir/CheckFunctionExists.c.o   -c /usr/share/cmake-3.5/Modules/CheckFunctionExists.c
/usr/bin/cmake: /home/xu/anaconda2/lib/libssl.so.1.0.0: no version information available (required by /usr/lib/x86_64-linux-gnu/libcurl.so.4)
/usr/bin/cmake: /home/xu/anaconda2/lib/libssl.so.1.0.0: no version information available (required by /usr/lib/x86_64-linux-gnu/libcurl.so.4)
/usr/bin/cmake: /home/xu/anaconda2/lib/libssl.so.1.0.0: no version information available (required by /usr/lib/x86_64-linux-gnu/libcurl.so.4)
/usr/bin/cmake: /home/xu/anaconda2/lib/libcrypto.so.1.0.0: no version information available (required by /usr/lib/x86_64-linux-gnu/libcurl.so.4)
Linking C executable cmTC_439f8
/usr/bin/cmake -E cmake_link_script CMakeFiles/cmTC_439f8.dir/link.txt --verbose=1
/usr/bin/cmake: /home/xu/anaconda2/lib/libssl.so.1.0.0: no version information available (required by /usr/lib/x86_64-linux-gnu/libcurl.so.4)
/usr/bin/cmake: /home/xu/anaconda2/lib/libssl.so.1.0.0: no version information available (required by /usr/lib/x86_64-linux-gnu/libcurl.so.4)
/usr/bin/cmake: /home/xu/anaconda2/lib/libssl.so.1.0.0: no version information available (required by /usr/lib/x86_64-linux-gnu/libcurl.so.4)
/usr/bin/cmake: /home/xu/anaconda2/lib/libcrypto.so.1.0.0: no version information available (required by /usr/lib/x86_64-linux-gnu/libcurl.so.4)
/usr/bin/cc   -DCHECK_FUNCTION_EXISTS=pthread_create    CMakeFiles/cmTC_439f8.dir/CheckFunctionExists.c.o  -o cmTC_439f8 -rdynamic -lpthreads 
/usr/bin/ld: 找不到 -lpthreads
collect2: error: ld returned 1 exit status
CMakeFiles/cmTC_439f8.dir/build.make:97: recipe for target 'cmTC_439f8' failed
make[1]: *** [cmTC_439f8] Error 1
make[1]: Leaving directory '/home/xu/3weiConstruction/joinMap/build/CMakeFiles/CMakeTmp'
Makefile:126: recipe for target 'cmTC_439f8/fast' failed
make: *** [cmTC_439f8/fast] Error 2


