Determining if the pthread_create exist failed with the following output:
Change Dir: /home/xu/3weiConstruction/convert_to_pointcloud/build/CMakeFiles/CMakeTmp

Run Build Command:"/usr/bin/make" "cmTC_1c001/fast"
/usr/bin/make -f CMakeFiles/cmTC_1c001.dir/build.make CMakeFiles/cmTC_1c001.dir/build
make[1]: Entering directory '/home/xu/3weiConstruction/convert_to_pointcloud/build/CMakeFiles/CMakeTmp'
/usr/bin/cmake: /home/xu/anaconda2/lib/libssl.so.1.0.0: no version information available (required by /usr/lib/x86_64-linux-gnu/libcurl.so.4)
/usr/bin/cmake: /home/xu/anaconda2/lib/libssl.so.1.0.0: no version information available (required by /usr/lib/x86_64-linux-gnu/libcurl.so.4)
/usr/bin/cmake: /home/xu/anaconda2/lib/libssl.so.1.0.0: no version information available (required by /usr/lib/x86_64-linux-gnu/libcurl.so.4)
/usr/bin/cmake: /home/xu/anaconda2/lib/libcrypto.so.1.0.0: no version information available (required by /usr/lib/x86_64-linux-gnu/libcurl.so.4)
Building C object CMakeFiles/cmTC_1c001.dir/CheckSymbolExists.c.o
/usr/bin/cc     -o CMakeFiles/cmTC_1c001.dir/CheckSymbolExists.c.o   -c /home/xu/3weiConstruction/convert_to_pointcloud/build/CMakeFiles/CMakeTmp/CheckSymbolExists.c
/usr/bin/cmake: /home/xu/anaconda2/lib/libssl.so.1.0.0: no version information available (required by /usr/lib/x86_64-linux-gnu/libcurl.so.4)
/usr/bin/cmake: /home/xu/anaconda2/lib/libssl.so.1.0.0: no version information available (required by /usr/lib/x86_64-linux-gnu/libcurl.so.4)
/usr/bin/cmake: /home/xu/anaconda2/lib/libssl.so.1.0.0: no version information available (required by /usr/lib/x86_64-linux-gnu/libcurl.so.4)
/usr/bin/cmake: /home/xu/anaconda2/lib/libcrypto.so.1.0.0: no version information available (required by /usr/lib/x86_64-linux-gnu/libcurl.so.4)
Linking C executable cmTC_1c001
/usr/bin/cmake -E cmake_link_script CMakeFiles/cmTC_1c001.dir/link.txt --verbose=1
/usr/bin/cmake: /home/xu/anaconda2/lib/libssl.so.1.0.0: no version information available (required by /usr/lib/x86_64-linux-gnu/libcurl.so.4)
/usr/bin/cmake: /home/xu/anaconda2/lib/libssl.so.1.0.0: no version information available (required by /usr/lib/x86_64-linux-gnu/libcurl.so.4)
/usr/bin/cmake: /home/xu/anaconda2/lib/libssl.so.1.0.0: no version information available (required by /usr/lib/x86_64-linux-gnu/libcurl.so.4)
/usr/bin/cmake: /home/xu/anaconda2/lib/libcrypto.so.1.0.0: no version information available (required by /usr/lib/x86_64-linux-gnu/libcurl.so.4)
/usr/bin/cc       CMakeFiles/cmTC_1c001.dir/CheckSymbolExists.c.o  -o cmTC_1c001 -rdynamic 
CMakeFiles/cmTC_1c001.dir/CheckSymbolExists.c.o: In function `main':
CheckSymbolExists.c:(.text+0x16): undefined reference to `pthread_create'
collect2: error: ld returned 1 exit status
CMakeFiles/cmTC_1c001.dir/build.make:97: recipe for target 'cmTC_1c001' failed
make[1]: *** [cmTC_1c001] Error 1
make[1]: Leaving directory '/home/xu/3weiConstruction/convert_to_pointcloud/build/CMakeFiles/CMakeTmp'
Makefile:126: recipe for target 'cmTC_1c001/fast' failed
make: *** [cmTC_1c001/fast] Error 2

File /home/xu/3weiConstruction/convert_to_pointcloud/build/CMakeFiles/CMakeTmp/CheckSymbolExists.c:
/* */
#include <pthread.h>

int main(int argc, char** argv)
{
  (void)argv;
#ifndef pthread_create
  return ((int*)(&pthread_create))[argc];
#else
  (void)argc;
  return 0;
#endif
}

Determining if the function pthread_create exists in the pthreads failed with the following output:
Change Dir: /home/xu/3weiConstruction/convert_to_pointcloud/build/CMakeFiles/CMakeTmp

Run Build Command:"/usr/bin/make" "cmTC_bb4ef/fast"
/usr/bin/make -f CMakeFiles/cmTC_bb4ef.dir/build.make CMakeFiles/cmTC_bb4ef.dir/build
make[1]: Entering directory '/home/xu/3weiConstruction/convert_to_pointcloud/build/CMakeFiles/CMakeTmp'
/usr/bin/cmake: /home/xu/anaconda2/lib/libssl.so.1.0.0: no version information available (required by /usr/lib/x86_64-linux-gnu/libcurl.so.4)
/usr/bin/cmake: /home/xu/anaconda2/lib/libssl.so.1.0.0: no version information available (required by /usr/lib/x86_64-linux-gnu/libcurl.so.4)
/usr/bin/cmake: /home/xu/anaconda2/lib/libssl.so.1.0.0: no version information available (required by /usr/lib/x86_64-linux-gnu/libcurl.so.4)
/usr/bin/cmake: /home/xu/anaconda2/lib/libcrypto.so.1.0.0: no version information available (required by /usr/lib/x86_64-linux-gnu/libcurl.so.4)
Building C object CMakeFiles/cmTC_bb4ef.dir/CheckFunctionExists.c.o
/usr/bin/cc    -DCHECK_FUNCTION_EXISTS=pthread_create   -o CMakeFiles/cmTC_bb4ef.dir/CheckFunctionExists.c.o   -c /usr/share/cmake-3.5/Modules/CheckFunctionExists.c
/usr/bin/cmake: /home/xu/anaconda2/lib/libssl.so.1.0.0: no version information available (required by /usr/lib/x86_64-linux-gnu/libcurl.so.4)
/usr/bin/cmake: /home/xu/anaconda2/lib/libssl.so.1.0.0: no version information available (required by /usr/lib/x86_64-linux-gnu/libcurl.so.4)
/usr/bin/cmake: /home/xu/anaconda2/lib/libssl.so.1.0.0: no version information available (required by /usr/lib/x86_64-linux-gnu/libcurl.so.4)
/usr/bin/cmake: /home/xu/anaconda2/lib/libcrypto.so.1.0.0: no version information available (required by /usr/lib/x86_64-linux-gnu/libcurl.so.4)
Linking C executable cmTC_bb4ef
/usr/bin/cmake -E cmake_link_script CMakeFiles/cmTC_bb4ef.dir/link.txt --verbose=1
/usr/bin/cmake: /home/xu/anaconda2/lib/libssl.so.1.0.0: no version information available (required by /usr/lib/x86_64-linux-gnu/libcurl.so.4)
/usr/bin/cmake: /home/xu/anaconda2/lib/libssl.so.1.0.0: no version information available (required by /usr/lib/x86_64-linux-gnu/libcurl.so.4)
/usr/bin/cmake: /home/xu/anaconda2/lib/libssl.so.1.0.0: no version information available (required by /usr/lib/x86_64-linux-gnu/libcurl.so.4)
/usr/bin/cmake: /home/xu/anaconda2/lib/libcrypto.so.1.0.0: no version information available (required by /usr/lib/x86_64-linux-gnu/libcurl.so.4)
/usr/bin/cc   -DCHECK_FUNCTION_EXISTS=pthread_create    CMakeFiles/cmTC_bb4ef.dir/CheckFunctionExists.c.o  -o cmTC_bb4ef -rdynamic -lpthreads 
/usr/bin/ld: cannot find -lpthreads
collect2: error: ld returned 1 exit status
CMakeFiles/cmTC_bb4ef.dir/build.make:97: recipe for target 'cmTC_bb4ef' failed
make[1]: *** [cmTC_bb4ef] Error 1
make[1]: Leaving directory '/home/xu/3weiConstruction/convert_to_pointcloud/build/CMakeFiles/CMakeTmp'
Makefile:126: recipe for target 'cmTC_bb4ef/fast' failed
make: *** [cmTC_bb4ef/fast] Error 2


